Content-Type: multipart/alternative;
 boundary="===============1272938995872322436=="
MIME-Version: 1.0
Subject: Account activation on the website online-polling.com
From: ainf23@rambler.ru
To: ainf23@rambler.ru
Date: Sat, 19 Mar 2016 11:01:13 -0000
Message-ID: <20160319110113.2848.34001@kvn-TC>

--===============1272938995872322436==
MIME-Version: 1.0
Content-Type: text/plain; charset="utf-8"
Content-Transfer-Encoding: 7bit


Account activation on the website online-polling.com

To complete registration, follow the activation link in your email-address:
http://127.0.0.1:8000/confirm-email/50/ainf23@rambler.ru:2uovld7ic_ppgvdkqCKbRkqr2Nw/

To complete the account activation procedure.

--===============1272938995872322436==
MIME-Version: 1.0
Content-Type: text/html; charset="utf-8"
Content-Transfer-Encoding: 7bit


<!DOCTYPE html>
<html lang="en-us">
<head>
    <meta http-equiv="Content-Type" content="text/html charset=utf-8" />
    <title>Online polling</title>
</head>

    <body>
        <h2 class="messageSubjectValue">Account activation on the website online-polling.com</h2>
            <br>
            <p>To complete registration, follow the activation link in your email-address:</p>
            <p><a target="_blank" data-href="http://127.0.0.1:8000/confirm-email/50/ainf23@rambler.ru:2uovld7ic_ppgvdkqCKbRkqr2Nw/"</a></p>
            <p>To complete the account activation procedure.</p>
    </body>
</html>

--===============1272938995872322436==--

-------------------------------------------------------------------------------
