Content-Type: multipart/alternative;
 boundary="===============4818626392421784048=="
MIME-Version: 1.0
Subject: Account activation on the website online-polling.com
From: ainf23@rambler.ru
To: vkuryachenko@gmail.com
Date: Thu, 24 Mar 2016 10:41:11 -0000
Message-ID: <20160324104111.10179.5558@kvn-TC>

--===============4818626392421784048==
MIME-Version: 1.0
Content-Type: text/plain; charset="utf-8"
Content-Transfer-Encoding: 7bit


Account activation on the website online-polling.com

To complete registration, follow the activation link in your email-address:
http://localhost:8000/confirm-email/91/vkuryachenko@gmail.com:oRo9qP5bXiUSqbyGfhpCnYRDuYs/

To complete the account activation procedure.

--===============4818626392421784048==
MIME-Version: 1.0
Content-Type: text/html; charset="utf-8"
Content-Transfer-Encoding: 7bit


<!DOCTYPE html>
<html lang="en-us">
<head>
    <meta http-equiv="Content-Type" content="text/html charset=utf-8" />
    <title>Online polling</title>
</head>

    <body>
        <h2 class="messageSubjectValue">Account activation on the website online-polling.com</h2>
            <br>
            <p>TYou recently registered for Online Polling. To complete your Facebook registration, please confirm your email-address:</p>
            <p>reference:<a href="http://localhost:8000/confirm-email/91/vkuryachenko@gmail.com:oRo9qP5bXiUSqbyGfhpCnYRDuYs/"></a></p>
            <p>To complete the account activation procedure.</p>
    </body>
</html>

--===============4818626392421784048==--

-------------------------------------------------------------------------------
