Content-Type: multipart/alternative;
 boundary="===============3686163081559190219=="
MIME-Version: 1.0
Subject: Account activation on the website online-polling.com
From: ainf23@rambler.ru
To: k@mail.ru
Date: Wed, 30 Mar 2016 06:50:17 -0000
Message-ID: <20160330065017.3623.5126@kvn-TC>

--===============3686163081559190219==
MIME-Version: 1.0
Content-Type: text/plain; charset="utf-8"
Content-Transfer-Encoding: 7bit


Account activation on the website online-polling.com

To complete registration, follow the activation link in your email-address:
http://localhost:8000/confirm-email/109/k@mail.ru:fCwHsemM0M80UydXDS8a4j3Bg8M/

To complete the account activation procedure.

--===============3686163081559190219==
MIME-Version: 1.0
Content-Type: text/html; charset="utf-8"
Content-Transfer-Encoding: 7bit


<!DOCTYPE html>
<html lang="en-us">
<head>
    <meta http-equiv="Content-Type" content="text/html charset=utf-8" />
    <title>Online polling</title>
</head>

    <body>
        <h2 class="messageSubjectValue">Account activation on the website online-polling.com</h2>
            <br>
            <p>TYou recently registered for Online Polling. To complete your Facebook registration, please confirm your email-address:</p>
            <p>reference:<a href="http://localhost:8000/confirm-email/109/k@mail.ru:fCwHsemM0M80UydXDS8a4j3Bg8M/"></a></p>
            <p>To complete the account activation procedure.</p>
    </body>
</html>

--===============3686163081559190219==--

-------------------------------------------------------------------------------
