Content-Type: multipart/alternative;
 boundary="===============8720738759450385623=="
MIME-Version: 1.0
Subject: Account activation on the website online-polling.com
From: ainf23@rambler.ru
To: ainf23@mail.ru
Date: Tue, 22 Mar 2016 15:01:02 -0000
Message-ID: <20160322150102.6871.34815@kvn-TC>

--===============8720738759450385623==
MIME-Version: 1.0
Content-Type: text/plain; charset="utf-8"
Content-Transfer-Encoding: 7bit


Account activation on the website online-polling.com

To complete registration, follow the activation link in your email-address:
http://127.0.0.1:8000/confirm-email/77/ainf23@mail.ru:U20QiDIn7LRoFSWC10KDi15ZQb8/

To complete the account activation procedure.

--===============8720738759450385623==
MIME-Version: 1.0
Content-Type: text/html; charset="utf-8"
Content-Transfer-Encoding: 7bit


<!DOCTYPE html>
<html lang="en-us">
<head>
    <meta http-equiv="Content-Type" content="text/html charset=utf-8" />
    <title>Online polling</title>
</head>

    <body>
        <h2 class="messageSubjectValue">Account activation on the website online-polling.com</h2>
            <br>
            <p>TYou recently registered for Online Polling. To complete your Facebook registration, please confirm your email-address:</p>
            <p>reference:<a href="http://127.0.0.1:8000/confirm-email/77/ainf23@mail.ru:U20QiDIn7LRoFSWC10KDi15ZQb8/"></a></p>
            <p>To complete the account activation procedure.</p>
    </body>
</html>

--===============8720738759450385623==--

-------------------------------------------------------------------------------
