Content-Type: multipart/alternative;
 boundary="===============7956792596936694064=="
MIME-Version: 1.0
Subject: Account activation on the website online-polling.com
From: ainf23@rambler.ru
To: ainf23@rambler.ru
Date: Fri, 18 Mar 2016 07:15:14 -0000
Message-ID: <20160318071514.4620.15858@kvn-TC>

--===============7956792596936694064==
MIME-Version: 1.0
Content-Type: text/plain; charset="utf-8"
Content-Transfer-Encoding: 7bit


Account activation on the website online-polling.com

To complete registration, follow the activation link in your email-address:
http://127.0.0.1:8000/confirm-email/49/ainf23@rambler.ru:2uovld7ic_ppgvdkqCKbRkqr2Nw/

To complete the account activation procedure.

--===============7956792596936694064==
MIME-Version: 1.0
Content-Type: text/html; charset="utf-8"
Content-Transfer-Encoding: 7bit


<!DOCTYPE html>
<html lang="en-us">
<head>
    <meta http-equiv="Content-Type" content="text/html charset=utf-8" />
    <title>Online polling</title>
</head>

    <body>
        <h2 class="messageSubjectValue">Account activation on the website online-polling.com</h2>
            <br>
            <p>To complete registration, follow the activation link in your email-address:</p>
            <p><a target="_blank" data-href="http://127.0.0.1:8000/confirm-email/49/ainf23@rambler.ru:2uovld7ic_ppgvdkqCKbRkqr2Nw/"</a></p>
            <p>To complete the account activation procedure.</p>
    </body>
</html>

--===============7956792596936694064==--

-------------------------------------------------------------------------------
